[debug] ----------------------------------------------------------------------
[debug] Command:      /home/gaarson/.nvm/v6.2.0/bin/node /home/gaarson/.nvm/v6.2.0/bin/firebase login
[debug] CLI Version:  3.0.2
[debug] Platform:     linux
[debug] Node Version: v6.2.0
[debug] Time:         Fri Jun 10 2016 03:10:01 GMT+0300 (MSK)
[debug] ----------------------------------------------------------------------
[debug] 
[info] 
[info] Visit this URL on any device to log in:
[info] https://accounts.google.com/o/oauth2/auth?client_id=563584335869-fgrhgmd47bqnekij5i8b5pr03ho849e6.apps.googleusercontent.com&scope=email%20openid%20https%3A%2F%2Fwww.googleapis.com%2Fauth%2Fcloudplatformprojects.readonly%20https%3A%2F%2Fwww.googleapis.com%2Fauth%2Ffirebase&response_type=code&state=1066988769&redirect_uri=http%3A%2F%2Flocalhost%3A9005
[info] 
[info] Waiting for authentication...
[debug] ----------------------------------------------------------------------
[debug] Command:      /home/gaarson/.nvm/v6.2.0/bin/node /home/gaarson/.nvm/v6.2.0/bin/firebase login
[debug] CLI Version:  3.0.2
[debug] Platform:     linux
[debug] Node Version: v6.2.0
[debug] Time:         Fri Jun 10 2016 03:12:17 GMT+0300 (MSK)
[debug] ----------------------------------------------------------------------
[debug] 
[info] 
[info] Visit this URL on any device to log in:
[info] https://accounts.google.com/o/oauth2/auth?client_id=563584335869-fgrhgmd47bqnekij5i8b5pr03ho849e6.apps.googleusercontent.com&scope=email%20openid%20https%3A%2F%2Fwww.googleapis.com%2Fauth%2Fcloudplatformprojects.readonly%20https%3A%2F%2Fwww.googleapis.com%2Fauth%2Ffirebase&response_type=code&state=185867509&redirect_uri=http%3A%2F%2Flocalhost%3A9006
[info] 
[info] Waiting for authentication...
